0 info it worked if it ends with ok
1 verbose cli [ '/home/jon/.nvm/versions/node/v6.10.2/bin/node',
1 verbose cli   '/home/jon/.nvm/versions/node/v6.10.2/bin/npm',
1 verbose cli   'run',
1 verbose cli   'static-analysis' ]
2 info using npm@3.10.10
3 info using node@v6.10.2
4 verbose run-script [ 'prestatic-analysis',
4 verbose run-script   'static-analysis',
4 verbose run-script   'poststatic-analysis' ]
5 info lifecycle holiday-requests@1.0.0~prestatic-analysis: holiday-requests@1.0.0
6 silly lifecycle holiday-requests@1.0.0~prestatic-analysis: no script for prestatic-analysis, continuing
7 info lifecycle holiday-requests@1.0.0~static-analysis: holiday-requests@1.0.0
8 verbose lifecycle holiday-requests@1.0.0~static-analysis: unsafe-perm in lifecycle true
9 verbose lifecycle holiday-requests@1.0.0~static-analysis: PATH: /home/jon/.nvm/versions/node/v6.10.2/lib/node_modules/npm/bin/node-gyp-bin:/home/jon/repos/holiday-requests/node_modules/.bin:/home/jon/.nvm/versions/node/v6.10.2/bin:/home/jon/bin:/home/jon/.local/bin:/usr/local/sbin:/usr/local/bin:/usr/sbin:/usr/bin:/sbin:/bin:/usr/games:/usr/local/games:/snap/bin
10 verbose lifecycle holiday-requests@1.0.0~static-analysis: CWD: /home/jon/repos/holiday-requests
11 silly lifecycle holiday-requests@1.0.0~static-analysis: Args: [ '-c', './node_modules/jshint/bin/jshint .' ]
12 silly lifecycle holiday-requests@1.0.0~static-analysis: Returned: code: 2  signal: null
13 info lifecycle holiday-requests@1.0.0~static-analysis: Failed to exec static-analysis script
14 verbose stack Error: holiday-requests@1.0.0 static-analysis: `./node_modules/jshint/bin/jshint .`
14 verbose stack Exit status 2
14 verbose stack     at EventEmitter.<anonymous> (/home/jon/.nvm/versions/node/v6.10.2/lib/node_modules/npm/lib/utils/lifecycle.js:255:16)
14 verbose stack     at emitTwo (events.js:106:13)
14 verbose stack     at EventEmitter.emit (events.js:191:7)
14 verbose stack     at ChildProcess.<anonymous> (/home/jon/.nvm/versions/node/v6.10.2/lib/node_modules/npm/lib/utils/spawn.js:40:14)
14 verbose stack     at emitTwo (events.js:106:13)
14 verbose stack     at ChildProcess.emit (events.js:191:7)
14 verbose stack     at maybeClose (internal/child_process.js:886:16)
14 verbose stack     at Process.ChildProcess._handle.onexit (internal/child_process.js:226:5)
15 verbose pkgid holiday-requests@1.0.0
16 verbose cwd /home/jon/repos/holiday-requests
17 error Linux 4.8.0-49-generic
18 error argv "/home/jon/.nvm/versions/node/v6.10.2/bin/node" "/home/jon/.nvm/versions/node/v6.10.2/bin/npm" "run" "static-analysis"
19 error node v6.10.2
20 error npm  v3.10.10
21 error code ELIFECYCLE
22 error holiday-requests@1.0.0 static-analysis: `./node_modules/jshint/bin/jshint .`
22 error Exit status 2
23 error Failed at the holiday-requests@1.0.0 static-analysis script './node_modules/jshint/bin/jshint .'.
23 error Make sure you have the latest version of node.js and npm installed.
23 error If you do, this is most likely a problem with the holiday-requests package,
23 error not with npm itself.
23 error Tell the author that this fails on your system:
23 error     ./node_modules/jshint/bin/jshint .
23 error You can get information on how to open an issue for this project with:
23 error     npm bugs holiday-requests
23 error Or if that isn't available, you can get their info via:
23 error     npm owner ls holiday-requests
23 error There is likely additional logging output above.
24 verbose exit [ 1, true ]
